G:\Dropbox\SPA_TEMP\5-Declaration File\Declaration File\Declaration File\1-Declaration file\app.js
G:\Dropbox\SPA_TEMP\5-Declaration File\Declaration File\Declaration File\1-Declaration file\app.js.map
G:\Dropbox\SPA_TEMP\5-Declaration File\Declaration File\Declaration File\2-Declaration file with Interface\app.js
G:\Dropbox\SPA_TEMP\5-Declaration File\Declaration File\Declaration File\2-Declaration file with Interface\app.js.map
G:\Dropbox\SPA_TEMP\5-Declaration File\Declaration File\Declaration File\3-Writing your own declaration file\app.js
G:\Dropbox\SPA_TEMP\5-Declaration File\Declaration File\Declaration File\3-Writing your own declaration file\app.js.map
G:\Dropbox\SPA_TEMP\5-Declaration File\Declaration File\Declaration File\4-Merge Module\app.js
G:\Dropbox\SPA_TEMP\5-Declaration File\Declaration File\Declaration File\4-Merge Module\app.js.map
G:\Dropbox\SPA_TEMP\5-Declaration File\Declaration File\Declaration File\5-Function overrides\app.js
G:\Dropbox\SPA_TEMP\5-Declaration File\Declaration File\Declaration File\5-Function overrides\app.js.map
G:\Dropbox\SPA_TEMP\5-Declaration File\Declaration File\Declaration File\6-Nested namespaces\app.js
G:\Dropbox\SPA_TEMP\5-Declaration File\Declaration File\Declaration File\6-Nested namespaces\app.js.map
G:\Dropbox\SPA_TEMP\5-Declaration File\Declaration File\Declaration File\7-Classes\app.js
G:\Dropbox\SPA_TEMP\5-Declaration File\Declaration File\Declaration File\7-Classes\app.js.map
G:\Dropbox\SPA_TEMP\5-Declaration File\Declaration File\Declaration File\8-Function signatures\app.js
G:\Dropbox\SPA_TEMP\5-Declaration File\Declaration File\Declaration File\8-Function signatures\app.js.map
G:\Dropbox\SPA_TEMP\5-Declaration File\Declaration File\Declaration File\1-Declaration file\app.js
G:\Dropbox\SPA_TEMP\5-Declaration File\Declaration File\Declaration File\1-Declaration file\app.js.map
G:\Dropbox\SPA_TEMP\5-Declaration File\Declaration File\Declaration File\2-Declaration file with Interface\app.js
G:\Dropbox\SPA_TEMP\5-Declaration File\Declaration File\Declaration File\2-Declaration file with Interface\app.js.map
G:\Dropbox\SPA_TEMP\5-Declaration File\Declaration File\Declaration File\3-Writing your own declaration file\app.js
G:\Dropbox\SPA_TEMP\5-Declaration File\Declaration File\Declaration File\3-Writing your own declaration file\app.js.map
G:\Dropbox\SPA_TEMP\5-Declaration File\Declaration File\Declaration File\4-Merge Module\app.js
G:\Dropbox\SPA_TEMP\5-Declaration File\Declaration File\Declaration File\4-Merge Module\app.js.map
G:\Dropbox\SPA_TEMP\5-Declaration File\Declaration File\Declaration File\5-Function overrides\app.js
G:\Dropbox\SPA_TEMP\5-Declaration File\Declaration File\Declaration File\5-Function overrides\app.js.map
G:\Dropbox\SPA_TEMP\5-Declaration File\Declaration File\Declaration File\6-Nested namespaces\app.js
G:\Dropbox\SPA_TEMP\5-Declaration File\Declaration File\Declaration File\6-Nested namespaces\app.js.map
G:\Dropbox\SPA_TEMP\5-Declaration File\Declaration File\Declaration File\7-Classes\app.js
G:\Dropbox\SPA_TEMP\5-Declaration File\Declaration File\Declaration File\7-Classes\app.js.map
G:\Dropbox\SPA_TEMP\5-Declaration File\Declaration File\Declaration File\8-Function signatures\app.js
G:\Dropbox\SPA_TEMP\5-Declaration File\Declaration File\Declaration File\8-Function signatures\app.js.map
G:\Dropbox\SPA_TEMP\5-Declaration File\Declaration File\Declaration File\9-JQUERY\Sample.js
G:\Dropbox\SPA_TEMP\5-Declaration File\Declaration File\Declaration File\9-JQUERY\Sample.js.map
G:\Dropbox\SPA_TEMP\5-Declaration File\Declaration File\Declaration File\1-Declaration file\app.js
G:\Dropbox\SPA_TEMP\5-Declaration File\Declaration File\Declaration File\1-Declaration file\app.js.map
G:\Dropbox\SPA_TEMP\5-Declaration File\Declaration File\Declaration File\2-Declaration file with Interface\app.js
G:\Dropbox\SPA_TEMP\5-Declaration File\Declaration File\Declaration File\2-Declaration file with Interface\app.js.map
G:\Dropbox\SPA_TEMP\5-Declaration File\Declaration File\Declaration File\3-Writing your own declaration file\app.js
G:\Dropbox\SPA_TEMP\5-Declaration File\Declaration File\Declaration File\3-Writing your own declaration file\app.js.map
G:\Dropbox\SPA_TEMP\5-Declaration File\Declaration File\Declaration File\4-Merge Module\app.js
G:\Dropbox\SPA_TEMP\5-Declaration File\Declaration File\Declaration File\4-Merge Module\app.js.map
G:\Dropbox\SPA_TEMP\5-Declaration File\Declaration File\Declaration File\5-Function overrides\app.js
G:\Dropbox\SPA_TEMP\5-Declaration File\Declaration File\Declaration File\5-Function overrides\app.js.map
G:\Dropbox\SPA_TEMP\5-Declaration File\Declaration File\Declaration File\6-Nested namespaces\app.js
G:\Dropbox\SPA_TEMP\5-Declaration File\Declaration File\Declaration File\6-Nested namespaces\app.js.map
G:\Dropbox\SPA_TEMP\5-Declaration File\Declaration File\Declaration File\7-Classes\app.js
G:\Dropbox\SPA_TEMP\5-Declaration File\Declaration File\Declaration File\7-Classes\app.js.map
G:\Dropbox\SPA_TEMP\5-Declaration File\Declaration File\Declaration File\8-Function signatures\app.js
G:\Dropbox\SPA_TEMP\5-Declaration File\Declaration File\Declaration File\8-Function signatures\app.js.map
G:\Dropbox\SPA_TEMP\5-Declaration File\Declaration File\Declaration File\9-JQUERY\Sample.js
G:\Dropbox\SPA_TEMP\5-Declaration File\Declaration File\Declaration File\9-JQUERY\Sample.js.map
G:\Dropbox\SPA_TEMP\5-Declaration File\Declaration File\Declaration File\1-Declaration file\app.js
G:\Dropbox\SPA_TEMP\5-Declaration File\Declaration File\Declaration File\1-Declaration file\app.js.map
G:\Dropbox\SPA_TEMP\5-Declaration File\Declaration File\Declaration File\2-Declaration file with Interface\app.js
G:\Dropbox\SPA_TEMP\5-Declaration File\Declaration File\Declaration File\2-Declaration file with Interface\app.js.map
G:\Dropbox\SPA_TEMP\5-Declaration File\Declaration File\Declaration File\3-Writing your own declaration file\app.js
G:\Dropbox\SPA_TEMP\5-Declaration File\Declaration File\Declaration File\3-Writing your own declaration file\app.js.map
G:\Dropbox\SPA_TEMP\5-Declaration File\Declaration File\Declaration File\4-Merge Module\app.js
G:\Dropbox\SPA_TEMP\5-Declaration File\Declaration File\Declaration File\4-Merge Module\app.js.map
G:\Dropbox\SPA_TEMP\5-Declaration File\Declaration File\Declaration File\5-Function overrides\app.js
G:\Dropbox\SPA_TEMP\5-Declaration File\Declaration File\Declaration File\5-Function overrides\app.js.map
G:\Dropbox\SPA_TEMP\5-Declaration File\Declaration File\Declaration File\6-Nested namespaces\app.js
G:\Dropbox\SPA_TEMP\5-Declaration File\Declaration File\Declaration File\6-Nested namespaces\app.js.map
G:\Dropbox\SPA_TEMP\5-Declaration File\Declaration File\Declaration File\7-Classes\app.js
G:\Dropbox\SPA_TEMP\5-Declaration File\Declaration File\Declaration File\7-Classes\app.js.map
G:\Dropbox\SPA_TEMP\5-Declaration File\Declaration File\Declaration File\8-Function signatures\app.js
G:\Dropbox\SPA_TEMP\5-Declaration File\Declaration File\Declaration File\8-Function signatures\app.js.map
G:\Dropbox\SPA_TEMP\5-Declaration File\Declaration File\Declaration File\9-JQUERY\Sample.js
G:\Dropbox\SPA_TEMP\5-Declaration File\Declaration File\Declaration File\9-JQUERY\Sample.js.map
G:\Dropbox\SPA_TEMP\5-Declaration File\Declaration File\Declaration File\1-Declaration file\app.js
G:\Dropbox\SPA_TEMP\5-Declaration File\Declaration File\Declaration File\1-Declaration file\app.js.map
G:\Dropbox\SPA_TEMP\5-Declaration File\Declaration File\Declaration File\2-Declaration file with Interface\app.js
G:\Dropbox\SPA_TEMP\5-Declaration File\Declaration File\Declaration File\2-Declaration file with Interface\app.js.map
G:\Dropbox\SPA_TEMP\5-Declaration File\Declaration File\Declaration File\3-Writing your own declaration file\app.js
G:\Dropbox\SPA_TEMP\5-Declaration File\Declaration File\Declaration File\3-Writing your own declaration file\app.js.map
G:\Dropbox\SPA_TEMP\5-Declaration File\Declaration File\Declaration File\4-Merge Module\app.js
G:\Dropbox\SPA_TEMP\5-Declaration File\Declaration File\Declaration File\4-Merge Module\app.js.map
G:\Dropbox\SPA_TEMP\5-Declaration File\Declaration File\Declaration File\5-Function overrides\app.js
G:\Dropbox\SPA_TEMP\5-Declaration File\Declaration File\Declaration File\5-Function overrides\app.js.map
G:\Dropbox\SPA_TEMP\5-Declaration File\Declaration File\Declaration File\6-Nested namespaces\app.js
G:\Dropbox\SPA_TEMP\5-Declaration File\Declaration File\Declaration File\6-Nested namespaces\app.js.map
G:\Dropbox\SPA_TEMP\5-Declaration File\Declaration File\Declaration File\7-Classes\app.js
G:\Dropbox\SPA_TEMP\5-Declaration File\Declaration File\Declaration File\7-Classes\app.js.map
G:\Dropbox\SPA_TEMP\5-Declaration File\Declaration File\Declaration File\8-Function signatures\app.js
G:\Dropbox\SPA_TEMP\5-Declaration File\Declaration File\Declaration File\8-Function signatures\app.js.map
G:\Dropbox\SPA_TEMP\5-Declaration File\Declaration File\Declaration File\9-JQUERY\Sample.js
G:\Dropbox\SPA_TEMP\5-Declaration File\Declaration File\Declaration File\9-JQUERY\Sample.js.map
G:\Dropbox\SPA_TEMP\5-Declaration File\Declaration File\Declaration File\1-Declaration file\app.js
G:\Dropbox\SPA_TEMP\5-Declaration File\Declaration File\Declaration File\1-Declaration file\app.js.map
G:\Dropbox\SPA_TEMP\5-Declaration File\Declaration File\Declaration File\2-Declaration file with Interface\app.js
G:\Dropbox\SPA_TEMP\5-Declaration File\Declaration File\Declaration File\2-Declaration file with Interface\app.js.map
G:\Dropbox\SPA_TEMP\5-Declaration File\Declaration File\Declaration File\3-Writing your own declaration file\app.js
G:\Dropbox\SPA_TEMP\5-Declaration File\Declaration File\Declaration File\3-Writing your own declaration file\app.js.map
G:\Dropbox\SPA_TEMP\5-Declaration File\Declaration File\Declaration File\4-Merge Module\app.js
G:\Dropbox\SPA_TEMP\5-Declaration File\Declaration File\Declaration File\4-Merge Module\app.js.map
G:\Dropbox\SPA_TEMP\5-Declaration File\Declaration File\Declaration File\5-Function overrides\app.js
G:\Dropbox\SPA_TEMP\5-Declaration File\Declaration File\Declaration File\5-Function overrides\app.js.map
G:\Dropbox\SPA_TEMP\5-Declaration File\Declaration File\Declaration File\6-Nested namespaces\app.js
G:\Dropbox\SPA_TEMP\5-Declaration File\Declaration File\Declaration File\6-Nested namespaces\app.js.map
G:\Dropbox\SPA_TEMP\5-Declaration File\Declaration File\Declaration File\7-Classes\app.js
G:\Dropbox\SPA_TEMP\5-Declaration File\Declaration File\Declaration File\7-Classes\app.js.map
G:\Dropbox\SPA_TEMP\5-Declaration File\Declaration File\Declaration File\8-Function signatures\app.js
G:\Dropbox\SPA_TEMP\5-Declaration File\Declaration File\Declaration File\8-Function signatures\app.js.map
G:\Dropbox\SPA_TEMP\5-Declaration File\Declaration File\Declaration File\9-JQUERY\Sample.js
G:\Dropbox\SPA_TEMP\5-Declaration File\Declaration File\Declaration File\9-JQUERY\Sample.js.map
